<?xml version="1.0" encoding="UTF-8"?>
<testsuite name="org.orbitfs.common.protocol.FrameCodecTest" tests="5" skipped="0" failures="0" errors="0" timestamp="2026-08-29T17:56:32.220Z" hostname="Rishabhs-MacBook-Air.local" time="0.163">
  <properties/>
  <testcase name="encodeDecodeRoundTripResponse()" classname="org.orbitfs.common.protocol.FrameCodecTest" time="0.14"/>
  <testcase name="emptyPayloadThrows()" classname="org.orbitfs.common.protocol.FrameCodecTest" time="0.002"/>
  <testcase name="encodeDecodeRoundTripRequest()" classname="org.orbitfs.common.protocol.FrameCodecTest" time="0.004"/>
  <testcase name="truncatedPayloadThrows()" classname="org.orbitfs.common.protocol.FrameCodecTest" time="0.001"/>
  <testcase name="corruptMagicThrows()" classname="org.orbitfs.common.protocol.FrameCodecTest" time="0.001"/>
  <system-out><![CDATA[]]></system-out>
  <system-err><![CDATA[]]></system-err>
</testsuite>
