<?xml version="1.0" encoding="UTF-8"?>
<testsuite name="org.orbitfs.common.protocol.RpcDtoTest" tests="3" skipped="0" failures="0" errors="0" timestamp="2026-08-29T16:18:37.227Z" hostname="Rishabhs-MacBook-Air.local" time="0.079">
  <properties/>
  <testcase name="requestRoundTripsLosslessly()" classname="org.orbitfs.common.protocol.RpcDtoTest" time="0.029"/>
  <testcase name="nullablesSurviveRoundTrip()" classname="org.orbitfs.common.protocol.RpcDtoTest" time="0.005"/>
  <testcase name="responseWithStatRoundTripsLosslessly()" classname="org.orbitfs.common.protocol.RpcDtoTest" time="0.003"/>
  <system-out><![CDATA[]]></system-out>
  <system-err><![CDATA[]]></system-err>
</testsuite>
